[0.063s] Invoking command in '/home/vivek/navigation-simulation/turtlebot3_nav_ws/build/turtlebot3_gazebo': /usr/bin/cmake /home/vivek/navigation-simulation/turtlebot3_nav_ws/src/turtlebot3_gazebo -DCATKIN_INSTALL_INTO_PREFIX_ROOT=0 -DCMAKE_INSTALL_PREFIX=/home/vivek/navigation-simulation/turtlebot3_nav_ws/install/turtlebot3_gazebo
[0.216s] -- The C compiler identification is GNU 11.4.0
[0.320s] -- The CXX compiler identification is GNU 11.4.0
[0.333s] -- Detecting C compiler ABI info
[0.389s] -- Detecting C compiler ABI info - done
[0.396s] -- Check for working C compiler: /usr/lib/ccache/cc - skipped
[0.396s] -- Detecting C compile features
[0.397s] -- Detecting C compile features - done
[0.401s] -- Detecting CXX compiler ABI info
[0.457s] -- Detecting CXX compiler ABI info - done
[0.465s] -- Check for working CXX compiler: /usr/lib/ccache/c++ - skipped
[0.465s] -- Detecting CXX compile features
[0.466s] -- Detecting CXX compile features - done
[0.492s] -- Configuring incomplete, errors occurred!
[0.492s] See also "/home/vivek/navigation-simulation/turtlebot3_nav_ws/build/turtlebot3_gazebo/CMakeFiles/CMakeOutput.log".
[0.493s] [31mCMake Error at CMakeLists.txt:14 (find_package):
[0.493s]   By not providing "Findcatkin.cmake" in CMAKE_MODULE_PATH this project has
[0.493s]   asked CMake to find a package configuration file provided by "catkin", but
[0.493s]   CMake did not find one.
[0.493s] 
[0.493s]   Could not find a package configuration file provided by "catkin" with any
[0.493s]   of the following names:
[0.493s] 
[0.493s]     catkinConfig.cmake
[0.493s]     catkin-config.cmake
[0.493s] 
[0.493s]   Add the installation prefix of "catkin" to CMAKE_PREFIX_PATH or set
[0.493s]   "catkin_DIR" to a directory containing one of the above files.  If "catkin"
[0.494s]   provides a separate development package or SDK, be sure it has been
[0.494s]   installed.
[0.494s] 
[0.494s] [0m
[0.496s] Invoked command in '/home/vivek/navigation-simulation/turtlebot3_nav_ws/build/turtlebot3_gazebo' returned '1': /usr/bin/cmake /home/vivek/navigation-simulation/turtlebot3_nav_ws/src/turtlebot3_gazebo -DCATKIN_INSTALL_INTO_PREFIX_ROOT=0 -DCMAKE_INSTALL_PREFIX=/home/vivek/navigation-simulation/turtlebot3_nav_ws/install/turtlebot3_gazebo
