[0.117s] Invoking command in '/home/vivek/navigation-simulation/turtlebot3_nav_ws/build/turtlebot3_fake': /usr/bin/cmake /home/vivek/navigation-simulation/turtlebot3_nav_ws/src/turtlebot3_fake -DCATKIN_INSTALL_INTO_PREFIX_ROOT=0 -DCMAKE_INSTALL_PREFIX=/home/vivek/navigation-simulation/turtlebot3_nav_ws/install/turtlebot3_fake
[0.276s] -- The C compiler identification is GNU 11.4.0
[0.379s] -- The CXX compiler identification is GNU 11.4.0
[0.392s] -- Detecting C compiler ABI info
[0.448s] -- Detecting C compiler ABI info - done
[0.455s] -- Check for working C compiler: /usr/lib/ccache/cc - skipped
[0.455s] -- Detecting C compile features
[0.456s] -- Detecting C compile features - done
[0.460s] -- Detecting CXX compiler ABI info
[0.516s] -- Detecting CXX compiler ABI info - done
[0.524s] -- Check for working CXX compiler: /usr/lib/ccache/c++ - skipped
[0.524s] -- Detecting CXX compile features
[0.524s] -- Detecting CXX compile features - done
[0.551s] -- Configuring incomplete, errors occurred!
[0.551s] See also "/home/vivek/navigation-simulation/turtlebot3_nav_ws/build/turtlebot3_fake/CMakeFiles/CMakeOutput.log".
[0.551s] [31mCMake Error at CMakeLists.txt:11 (find_package):
[0.551s]   By not providing "Findcatkin.cmake" in CMAKE_MODULE_PATH this project has
[0.551s]   asked CMake to find a package configuration file provided by "catkin", but
[0.551s]   CMake did not find one.
[0.551s] 
[0.552s]   Could not find a package configuration file provided by "catkin" with any
[0.552s]   of the following names:
[0.552s] 
[0.552s]     catkinConfig.cmake
[0.552s]     catkin-config.cmake
[0.552s] 
[0.552s]   Add the installation prefix of "catkin" to CMAKE_PREFIX_PATH or set
[0.552s]   "catkin_DIR" to a directory containing one of the above files.  If "catkin"
[0.552s]   provides a separate development package or SDK, be sure it has been
[0.552s]   installed.
[0.552s] 
[0.552s] [0m
[0.556s] Invoked command in '/home/vivek/navigation-simulation/turtlebot3_nav_ws/build/turtlebot3_fake' returned '1': /usr/bin/cmake /home/vivek/navigation-simulation/turtlebot3_nav_ws/src/turtlebot3_fake -DCATKIN_INSTALL_INTO_PREFIX_ROOT=0 -DCMAKE_INSTALL_PREFIX=/home/vivek/navigation-simulation/turtlebot3_nav_ws/install/turtlebot3_fake
